<?xml version="1.0" encoding="utf-8" standalone="no"?>
<!--This file represents the results of running a test suite-->
<test-results name="C:\Users\Administrator\Documents\GitHub\CSSE376\Dominion\ClassLibrary1\bin\Debug\ClassLibrary1.dll" total="3" errors="0" failures="0" not-run="0" inconclusive="0" ignored="0" skipped="0" invalid="0" date="2015-03-26" time="22:05:12">
  <environment nunit-version="2.6.4.14350" clr-version="2.0.50727.5485" os-version="Microsoft Windows NT 6.1.7601 Service Pack 1" platform="Win32NT" cwd="C:\windows\system32" machine-name="LANEJN-1" user="localmgr" user-domain="LANEJN-1" />
  <culture-info current-culture="en-US" current-uiculture="en-US" />
  <test-suite type="Assembly" name="C:\Users\Administrator\Documents\GitHub\CSSE376\Dominion\ClassLibrary1\bin\Debug\ClassLibrary1.dll" executed="True" result="Success" success="True" time="0.032" asserts="0">
    <results>
      <test-suite type="Namespace" name="ClassLibrary1" executed="True" result="Success" success="True" time="0.031" asserts="0">
        <results>
          <test-suite type="TestFixture" name="CardsTest" executed="True" result="Success" success="True" time="0.031" asserts="0">
            <results>
              <test-case name="ClassLibrary1.CardsTest.TestThatActionsInitializes" executed="True" result="Success" success="True" time="0.006" asserts="1" />
              <test-case name="ClassLibrary1.CardsTest.TestThatBuysInitializes" executed="True" result="Success" success="True" time="0.006" asserts="1" />
              <test-case name="ClassLibrary1.CardsTest.TestThatTreasureInitializes" executed="True" result="Success" success="True" time="0.006" asserts="1" />
            </results>
          </test-suite>
        </results>
      </test-suite>
    </results>
  </test-suite>
</test-results>